2022-05-11 22:53:33.223 [App.js] INFO  Click - Array
2022-05-11 22:53:35.223 [App.js] INFO  Click - Array
2022-05-11 22:53:42.223 [App.js] INFO  Click - Matrix
2022-05-11 22:53:52.223 [App.js] INFO  Click - Matrix
2022-05-11 22:53:52.223 [App.js] INFO  Click - Matrix
2022-05-11 22:53:52.223 [App.js] INFO  Click - BinaryTrees
2022-05-11 22:53:52.223 [App.js] INFO  Click - LinkedList
2022-05-11 22:53:52.223 [App.js] INFO  Click - LinkedList
2022-05-11 22:53:52.223 [App.js] INFO  Click - Array
2022-05-11 22:53:51.223 [App.js] INFO  Click - Array
2022-05-11 22:55:01.223 [App.js] INFO  Click - Trie
2022-05-11 22:55:03.223 [App.js] INFO  Click - Array
2022-05-11 22:55:04.223 [App.js] INFO  Click - Graph
2022-05-11 22:55:06.223 [App.js] INFO  Click - LinkedList
2022-05-11 22:55:07.223 [App.js] INFO  Click - Array
2022-05-11 22:55:07.223 [App.js] INFO  Click - Search&Sort
2022-05-11 22:55:08.223 [App.js] INFO  Click - Array
2022-05-11 22:55:08.223 [App.js] INFO  Click - BinaryTrees
2022-05-11 22:57:21.223 [App.js] INFO  Click - Array
2022-05-11 22:57:23.223 [App.js] INFO  Click - Heap
2022-05-11 22:57:25.223 [App.js] INFO  Click - Array
2022-05-11 22:57:27.223 [App.js] INFO  Click - Array
2022-05-11 22:57:28.223 [App.js] INFO  Click - Heap
2022-05-11 22:57:29.223 [App.js] INFO  Click - Trie
2022-05-11 22:57:30.223 [App.js] INFO  Click - Heap
2022-05-11 22:57:39.223 [App.js] INFO  Click - Array
2022-05-11 22:57:40.223 [App.js] INFO  Click - Array
2022-05-11 22:57:43.223 [App.js] INFO  Click - LinkedList
2022-05-11 22:57:45.223 [App.js] INFO  Click - Array
2022-05-11 22:57:47.223 [App.js] INFO  Click - BinaryTrees
2022-05-11 22:57:52.223 [App.js] INFO  Click - Array
2022-05-11 22:57:53.223 [App.js] INFO  Click - Graph
